<?xml version="1.0" encoding="UTF-8"?>
<robot generator="Robot 7.3.2 (Python 3.11.13 on linux)" generated="2025-07-22T14:53:36.007630" rpa="false" schemaversion="5">
<suite id="s1" name="Mi Primera Prueba" source="/home/death/Documents/pythonIBM/proyectos/Test/PruebasRobot/mi_primera_prueba.robot">
<test id="s1-t1" name="Mi Primer Caso de Prueba" line="5">
<kw name="Log To Console" owner="BuiltIn">
<arg>Hola, Robot Framework!</arg>
<doc>Logs the given message to the console.</doc>
<status status="PASS" start="2025-07-22T14:53:36.050584" elapsed="0.000299"/>
</kw>
<kw name="Create File" owner="OperatingSystem">
<msg time="2025-07-22T14:53:36.051573" level="INFO" html="true">Created file '&lt;a href="file:///home/death/Documents/pythonIBM/proyectos/Test/PruebasRobot/saludo.txt"&gt;/home/death/Documents/pythonIBM/proyectos/Test/PruebasRobot/saludo.txt&lt;/a&gt;'.</msg>
<arg>saludo.txt</arg>
<arg>Este es un archivo de prueba.</arg>
<doc>Creates a file with the given content and encoding.</doc>
<status status="PASS" start="2025-07-22T14:53:36.051129" elapsed="0.000559"/>
</kw>
<kw name="File Should Exist" owner="OperatingSystem">
<msg time="2025-07-22T14:53:36.052204" level="INFO" html="true">File '&lt;a href="file:///home/death/Documents/pythonIBM/proyectos/Test/PruebasRobot/saludo.txt"&gt;/home/death/Documents/pythonIBM/proyectos/Test/PruebasRobot/saludo.txt&lt;/a&gt;' exists.</msg>
<arg>saludo.txt</arg>
<doc>Fails unless the given ``path`` points to an existing file.</doc>
<status status="PASS" start="2025-07-22T14:53:36.051940" elapsed="0.000352"/>
</kw>
<kw name="Remove File" owner="OperatingSystem">
<msg time="2025-07-22T14:53:36.052775" level="INFO" html="true">Removed file '&lt;a href="file:///home/death/Documents/pythonIBM/proyectos/Test/PruebasRobot/saludo.txt"&gt;/home/death/Documents/pythonIBM/proyectos/Test/PruebasRobot/saludo.txt&lt;/a&gt;'.</msg>
<arg>saludo.txt</arg>
<doc>Removes a file with the given path.</doc>
<status status="PASS" start="2025-07-22T14:53:36.052509" elapsed="0.000357"/>
</kw>
<kw name="File Should Not Exist" owner="OperatingSystem">
<msg time="2025-07-22T14:53:36.053329" level="INFO" html="true">File '&lt;a href="file:///home/death/Documents/pythonIBM/proyectos/Test/PruebasRobot/saludo.txt"&gt;/home/death/Documents/pythonIBM/proyectos/Test/PruebasRobot/saludo.txt&lt;/a&gt;' does not exist.</msg>
<arg>saludo.txt</arg>
<doc>Fails if the given path points to an existing file.</doc>
<status status="PASS" start="2025-07-22T14:53:36.053075" elapsed="0.000336"/>
</kw>
<status status="PASS" start="2025-07-22T14:53:36.049520" elapsed="0.004102"/>
</test>
<status status="PASS" start="2025-07-22T14:53:36.008805" elapsed="0.045317"/>
</suite>
<statistics>
<total>
<stat pass="1" fail="0" skip="0">All Tests</stat>
</total>
<tag>
</tag>
<suite>
<stat name="Mi Primera Prueba" id="s1" pass="1" fail="0" skip="0">Mi Primera Prueba</stat>
</suite>
</statistics>
<errors>
</errors>
</robot>
